<?xml version="1.0" encoding="UTF-8"?>
<!-- Generated by org.testng.reporters.JUnitReportReporter -->
<testsuite hostname="Nitish-PC" failures="0" tests="2" name="Topics.HTTPRequests" time="3.355" errors="0" timestamp="2024-10-14T22:39:32 IST" skipped="0">
  <testcase classname="Topics.HTTPRequests" name="createUser" time="2.583"/>
  <testcase classname="Topics.HTTPRequests" name="getUsers" time="0.772"/>
</testsuite> <!-- Topics.HTTPRequests -->
